  compressor.c
c:\program files (x86)\microsoft visual studio 14.0\vc\include\cstddef(18): error C2054: expected '(' to follow 'using'
c:\program files (x86)\microsoft visual studio 14.0\vc\include\cstddef(18): error C2061: syntax error: identifier 'using'
c:\program files (x86)\microsoft visual studio 14.0\vc\include\cstddef(27): error C2054: expected '(' to follow 'using'
c:\program files (x86)\windows kits\10\include\10.0.10240.0\ucrt\corecrt_malloc.h(13): warning C4079: unexpected token 'string'
c:\program files (x86)\windows kits\10\include\10.0.10240.0\ucrt\corecrt_malloc.h(13): warning C4081: expected 'newline'; found ')'
c:\program files (x86)\windows kits\10\include\10.0.10240.0\ucrt\corecrt_malloc.h(58): error C2085: '_calloc_base': not in formal parameter list
c:\program files (x86)\windows kits\10\include\10.0.10240.0\ucrt\corecrt_malloc.h(65): error C2085: 'calloc': not in formal parameter list
c:\program files (x86)\windows kits\10\include\10.0.10240.0\ucrt\corecrt_malloc.h(70): error C2085: '_callnewh': not in formal parameter list
c:\program files (x86)\windows kits\10\include\10.0.10240.0\ucrt\corecrt_malloc.h(77): error C2085: '_expand': not in formal parameter list
c:\program files (x86)\windows kits\10\include\10.0.10240.0\ucrt\corecrt_malloc.h(82): error C2085: '_free_base': not in formal parameter list
c:\program files (x86)\windows kits\10\include\10.0.10240.0\ucrt\corecrt_malloc.h(87): error C2085: 'free': not in formal parameter list
c:\program files (x86)\windows kits\10\include\10.0.10240.0\ucrt\corecrt_malloc.h(93): error C2085: '_malloc_base': not in formal parameter list
c:\program files (x86)\windows kits\10\include\10.0.10240.0\ucrt\corecrt_malloc.h(99): error C2085: 'malloc': not in formal parameter list
c:\program files (x86)\windows kits\10\include\10.0.10240.0\ucrt\corecrt_malloc.h(105): error C2085: '_msize': not in formal parameter list
c:\program files (x86)\windows kits\10\include\10.0.10240.0\ucrt\corecrt_malloc.h(112): error C2085: '_realloc_base': not in formal parameter list
c:\program files (x86)\windows kits\10\include\10.0.10240.0\ucrt\corecrt_malloc.h(119): error C2085: 'realloc': not in formal parameter list
c:\program files (x86)\windows kits\10\include\10.0.10240.0\ucrt\corecrt_malloc.h(127): error C2085: '_recalloc': not in formal parameter list
c:\program files (x86)\windows kits\10\include\10.0.10240.0\ucrt\corecrt_malloc.h(132): error C2085: '_aligned_free': not in formal parameter list
c:\program files (x86)\windows kits\10\include\10.0.10240.0\ucrt\corecrt_malloc.h(139): error C2085: '_aligned_malloc': not in formal parameter list
c:\program files (x86)\windows kits\10\include\10.0.10240.0\ucrt\corecrt_malloc.h(147): error C2085: '_aligned_offset_malloc': not in formal parameter list
c:\program files (x86)\windows kits\10\include\10.0.10240.0\ucrt\corecrt_malloc.h(155): error C2085: '_aligned_msize': not in formal parameter list
c:\program files (x86)\windows kits\10\include\10.0.10240.0\ucrt\corecrt_malloc.h(164): error C2085: '_aligned_offset_realloc': not in formal parameter list
c:\program files (x86)\windows kits\10\include\10.0.10240.0\ucrt\corecrt_malloc.h(174): error C2085: '_aligned_offset_recalloc': not in formal parameter list
c:\program files (x86)\windows kits\10\include\10.0.10240.0\ucrt\corecrt_malloc.h(182): error C2085: '_aligned_realloc': not in formal parameter list
c:\program files (x86)\windows kits\10\include\10.0.10240.0\ucrt\corecrt_malloc.h(191): error C2085: '_aligned_recalloc': not in formal parameter list
c:\program files (x86)\windows kits\10\include\10.0.10240.0\ucrt\corecrt_malloc.h(214): warning C4161: #pragma pack(pop...): more pops than pushes
c:\program files (x86)\windows kits\10\include\10.0.10240.0\ucrt\corecrt_search.h(16): warning C4079: unexpected token 'string'
c:\program files (x86)\windows kits\10\include\10.0.10240.0\ucrt\corecrt_search.h(16): warning C4081: expected 'newline'; found ')'
c:\program files (x86)\windows kits\10\include\10.0.10240.0\ucrt\corecrt_search.h(30): error C2085: 'bsearch_s': not in formal parameter list
c:\program files (x86)\windows kits\10\include\10.0.10240.0\ucrt\corecrt_search.h(38): error C2085: 'qsort_s': not in formal parameter list
c:\program files (x86)\windows kits\10\include\10.0.10240.0\ucrt\corecrt_search.h(51): error C2085: 'bsearch': not in formal parameter list
c:\program files (x86)\windows kits\10\include\10.0.10240.0\ucrt\corecrt_search.h(58): error C2085: 'qsort': not in formal parameter list
c:\program files (x86)\windows kits\10\include\10.0.10240.0\ucrt\corecrt_search.h(68): error C2085: '_lfind_s': not in formal parameter list
c:\program files (x86)\windows kits\10\include\10.0.10240.0\ucrt\corecrt_search.h(77): error C2085: '_lfind': not in formal parameter list
c:\program files (x86)\windows kits\10\include\10.0.10240.0\ucrt\corecrt_search.h(87): error C2085: '_lsearch_s': not in formal parameter list
c:\program files (x86)\windows kits\10\include\10.0.10240.0\ucrt\corecrt_search.h(96): error C2085: '_lsearch': not in formal parameter list
c:\program files (x86)\windows kits\10\include\10.0.10240.0\ucrt\corecrt_search.h(191): error C2085: 'lfind': not in formal parameter list
c:\program files (x86)\windows kits\10\include\10.0.10240.0\ucrt\corecrt_search.h(200): error C2085: 'lsearch': not in formal parameter list
c:\program files (x86)\windows kits\10\include\10.0.10240.0\ucrt\corecrt_search.h(206): warning C4161: #pragma pack(pop...): more pops than pushes
c:\program files (x86)\windows kits\10\include\10.0.10240.0\ucrt\corecrt_wstdlib.h(13): warning C4079: unexpected token 'string'
c:\program files (x86)\windows kits\10\include\10.0.10240.0\ucrt\corecrt_wstdlib.h(13): warning C4081: expected 'newline'; found ')'
c:\program files (x86)\windows kits\10\include\10.0.10240.0\ucrt\corecrt_wstdlib.h(53): error C2085: '_itow_s': not in formal parameter list
c:\program files (x86)\windows kits\10\include\10.0.10240.0\ucrt\corecrt_wstdlib.h(67): error C2085: '_itow': not in formal parameter list
c:\program files (x86)\windows kits\10\include\10.0.10240.0\ucrt\corecrt_wstdlib.h(76): error C2085: '_ltow_s': not in formal parameter list
c:\program files (x86)\windows kits\10\include\10.0.10240.0\ucrt\corecrt_wstdlib.h(90): error C2085: '_ltow': not in formal parameter list
c:\program files (x86)\windows kits\10\include\10.0.10240.0\ucrt\corecrt_wstdlib.h(98): error C2085: '_ultow_s': not in formal parameter list
c:\program files (x86)\windows kits\10\include\10.0.10240.0\ucrt\corecrt_wstdlib.h(112): error C2085: '_ultow': not in formal parameter list
c:\program files (x86)\windows kits\10\include\10.0.10240.0\ucrt\corecrt_wstdlib.h(118): error C2085: 'wcstod': not in formal parameter list
c:\program files (x86)\windows kits\10\include\10.0.10240.0\ucrt\corecrt_wstdlib.h(125): error C2085: '_wcstod_l': not in formal parameter list
c:\program files (x86)\windows kits\10\include\10.0.10240.0\ucrt\corecrt_wstdlib.h(132): error C2085: 'wcstol': not in formal parameter list
c:\program files (x86)\windows kits\10\include\10.0.10240.0\ucrt\corecrt_wstdlib.h(140): error C2085: '_wcstol_l': not in formal parameter list
c:\program files (x86)\windows kits\10\include\10.0.10240.0\ucrt\corecrt_wstdlib.h(147): error C2085: 'wcstoll': not in formal parameter list
c:\program files (x86)\windows kits\10\include\10.0.10240.0\ucrt\corecrt_wstdlib.h(155): error C2085: '_wcstoll_l': not in formal parameter list
c:\program files (x86)\windows kits\10\include\10.0.10240.0\ucrt\corecrt_wstdlib.h(162): error C2085: 'wcstoul': not in formal parameter list
c:\program files (x86)\windows kits\10\include\10.0.10240.0\ucrt\corecrt_wstdlib.h(170): error C2085: '_wcstoul_l': not in formal parameter list
c:\program files (x86)\windows kits\10\include\10.0.10240.0\ucrt\corecrt_wstdlib.h(177): error C2085: 'wcstoull': not in formal parameter list
c:\program files (x86)\windows kits\10\include\10.0.10240.0\ucrt\corecrt_wstdlib.h(185): error C2085: '_wcstoull_l': not in formal parameter list
c:\program files (x86)\windows kits\10\include\10.0.10240.0\ucrt\corecrt_wstdlib.h(191): error C2085: 'wcstold': not in formal parameter list
c:\program files (x86)\windows kits\10\include\10.0.10240.0\ucrt\corecrt_wstdlib.h(198): error C2085: '_wcstold_l': not in formal parameter list
c:\program files (x86)\windows kits\10\include\10.0.10240.0\ucrt\corecrt_wstdlib.h(204): error C2085: 'wcstof': not in formal parameter list
c:\program files (x86)\windows kits\10\include\10.0.10240.0\ucrt\corecrt_wstdlib.h(211): error C2085: '_wcstof_l': not in formal parameter list
c:\program files (x86)\windows kits\10\include\10.0.10240.0\ucrt\corecrt_wstdlib.h(216): error C2085: '_wtof': not in formal parameter list
c:\program files (x86)\windows kits\10\include\10.0.10240.0\ucrt\corecrt_wstdlib.h(222): error C2085: '_wtof_l': not in formal parameter list
c:\program files (x86)\windows kits\10\include\10.0.10240.0\ucrt\corecrt_wstdlib.h(227): error C2085: '_wtoi': not in formal parameter list
c:\program files (x86)\windows kits\10\include\10.0.10240.0\ucrt\corecrt_wstdlib.h(233): error C2085: '_wtoi_l': not in formal parameter list
c:\program files (x86)\windows kits\10\include\10.0.10240.0\ucrt\corecrt_wstdlib.h(238): error C2085: '_wtol': not in formal parameter list
c:\program files (x86)\windows kits\10\include\10.0.10240.0\ucrt\corecrt_wstdlib.h(244): error C2085: '_wtol_l': not in formal parameter list
c:\program files (x86)\windows kits\10\include\10.0.10240.0\ucrt\corecrt_wstdlib.h(249): error C2085: '_wtoll': not in formal parameter list
c:\program files (x86)\windows kits\10\include\10.0.10240.0\ucrt\corecrt_wstdlib.h(255): error C2085: '_wtoll_l': not in formal parameter list
c:\program files (x86)\windows kits\10\include\10.0.10240.0\ucrt\corecrt_wstdlib.h(263): error C2085: '_i64tow_s': not in formal parameter list
c:\program files (x86)\windows kits\10\include\10.0.10240.0\ucrt\corecrt_wstdlib.h(270): error C2085: '_i64tow': not in formal parameter list
c:\program files (x86)\windows kits\10\include\10.0.10240.0\ucrt\corecrt_wstdlib.h(278): error C2085: '_ui64tow_s': not in formal parameter list
c:\program files (x86)\windows kits\10\include\10.0.10240.0\ucrt\corecrt_wstdlib.h(285): error C2085: '_ui64tow': not in formal parameter list
c:\program files (x86)\windows kits\10\include\10.0.10240.0\ucrt\corecrt_wstdlib.h(290): error C2085: '_wtoi64': not in formal parameter list
c:\program files (x86)\windows kits\10\include\10.0.10240.0\ucrt\corecrt_wstdlib.h(296): error C2085: '_wtoi64_l': not in formal parameter list
c:\program files (x86)\windows kits\10\include\10.0.10240.0\ucrt\corecrt_wstdlib.h(303): error C2085: '_wcstoi64': not in formal parameter list
c:\program files (x86)\windows kits\10\include\10.0.10240.0\ucrt\corecrt_wstdlib.h(311): error C2085: '_wcstoi64_l': not in formal parameter list
c:\program files (x86)\windows kits\10\include\10.0.10240.0\ucrt\corecrt_wstdlib.h(318): error C2085: '_wcstoui64': not in formal parameter list
c:\program files (x86)\windows kits\10\include\10.0.10240.0\ucrt\corecrt_wstdlib.h(326): error C2085: '_wcstoui64_l': not in formal parameter list
c:\program files (x86)\windows kits\10\include\10.0.10240.0\ucrt\corecrt_wstdlib.h(337): error C2085: '_wfullpath': not in formal parameter list
c:\program files (x86)\windows kits\10\include\10.0.10240.0\ucrt\corecrt_wstdlib.h(349): error C2085: '_wmakepath_s': not in formal parameter list
c:\program files (x86)\windows kits\10\include\10.0.10240.0\ucrt\corecrt_wstdlib.h(367): error C2085: '_wmakepath': not in formal parameter list
c:\program files (x86)\windows kits\10\include\10.0.10240.0\ucrt\corecrt_wstdlib.h(371): error C2085: '_wperror': not in formal parameter list
c:\program files (x86)\windows kits\10\include\10.0.10240.0\ucrt\corecrt_wstdlib.h(380): error C2085: '_wsplitpath': not in formal parameter list
c:\program files (x86)\windows kits\10\include\10.0.10240.0\ucrt\corecrt_wstdlib.h(392): error C2085: '_wsplitpath_s': not in formal parameter list
c:\program files (x86)\windows kits\10\include\10.0.10240.0\ucrt\corecrt_wstdlib.h(411): error C2085: '_wdupenv_s': not in formal parameter list
c:\program files (x86)\windows kits\10\include\10.0.10240.0\ucrt\corecrt_wstdlib.h(418): error C2085: '_wgetenv': not in formal parameter list
c:\program files (x86)\windows kits\10\include\10.0.10240.0\ucrt\corecrt_wstdlib.h(427): error C2085: '_wgetenv_s': not in formal parameter list
c:\program files (x86)\windows kits\10\include\10.0.10240.0\ucrt\corecrt_wstdlib.h(440): error C2085: '_wputenv': not in formal parameter list
c:\program files (x86)\windows kits\10\include\10.0.10240.0\ucrt\corecrt_wstdlib.h(446): error C2085: '_wputenv_s': not in formal parameter list
c:\program files (x86)\windows kits\10\include\10.0.10240.0\ucrt\corecrt_wstdlib.h(453): error C2085: '_wsearchenv_s': not in formal parameter list
c:\program files (x86)\windows kits\10\include\10.0.10240.0\ucrt\corecrt_wstdlib.h(467): error C2085: '_wsearchenv': not in formal parameter list
c:\program files (x86)\windows kits\10\include\10.0.10240.0\ucrt\corecrt_wstdlib.h(471): error C2085: '_wsystem': not in formal parameter list
c:\program files (x86)\windows kits\10\include\10.0.10240.0\ucrt\corecrt_wstdlib.h(477): warning C4161: #pragma pack(pop...): more pops than pushes
c:\program files (x86)\microsoft visual studio 14.0\vc\include\limits.h(13): warning C4079: unexpected token 'string'
c:\program files (x86)\microsoft visual studio 14.0\vc\include\limits.h(13): warning C4081: expected 'newline'; found ')'
c:\program files (x86)\microsoft visual studio 14.0\vc\include\limits.h(88): warning C4161: #pragma pack(pop...): more pops than pushes
c:\program files (x86)\windows kits\10\include\10.0.10240.0\ucrt\stdlib.h(17): warning C4079: unexpected token 'string'
c:\program files (x86)\windows kits\10\include\10.0.10240.0\ucrt\stdlib.h(17): warning C4081: expected 'newline'; found ')'
c:\program files (x86)\windows kits\10\include\10.0.10240.0\ucrt\stdlib.h(37): error C2085: '_swab': not in formal parameter list
c:\program files (x86)\windows kits\10\include\10.0.10240.0\ucrt\stdlib.h(50): error C2085: 'exit': not in formal parameter list
c:\program files (x86)\windows kits\10\include\10.0.10240.0\ucrt\stdlib.h(51): error C2085: '_exit': not in formal parameter list
c:\program files (x86)\windows kits\10\include\10.0.10240.0\ucrt\stdlib.h(52): error C2085: '_Exit': not in formal parameter list
c:\program files (x86)\windows kits\10\include\10.0.10240.0\ucrt\stdlib.h(53): error C2085: 'quick_exit': not in formal parameter list
c:\program files (x86)\windows kits\10\include\10.0.10240.0\ucrt\stdlib.h(54): error C2085: 'abort': not in formal parameter list
c:\program files (x86)\windows kits\10\include\10.0.10240.0\ucrt\stdlib.h(63): error C2085: '_set_abort_behavior': not in formal parameter list
c:\program files (x86)\windows kits\10\include\10.0.10240.0\ucrt\stdlib.h(68): error C2085: '_onexit_t': not in formal parameter list
c:\program files (x86)\windows kits\10\include\10.0.10240.0\ucrt\stdlib.h(139): error C2085: 'atexit': not in formal parameter list
c:\program files (x86)\windows kits\10\include\10.0.10240.0\ucrt\stdlib.h(140): error C2061: syntax error: identifier '_onexit_t'
c:\program files (x86)\windows kits\10\include\10.0.10240.0\ucrt\stdlib.h(1357): error C2143: syntax error: missing '{' before '__cdecl'
c:\program files (x86)\windows kits\10\include\10.0.10240.0\ucrt\stdlib.h(1357): error C2146: syntax error: missing ')' before identifier '_Func'
c:\program files (x86)\windows kits\10\include\10.0.10240.0\ucrt\stdlib.h(1357): error C2061: syntax error: identifier '_Func'
c:\program files (x86)\windows kits\10\include\10.0.10240.0\ucrt\stdlib.h(1357): error C2059: syntax error: ';'
c:\program files (x86)\windows kits\10\include\10.0.10240.0\ucrt\stdlib.h(1357): error C2059: syntax error: ')'
c:\program files (x86)\windows kits\10\include\10.0.10240.0\ucrt\stdlib.h(1363): warning C4161: #pragma pack(pop...): more pops than pushes
c:\program files (x86)\microsoft visual studio 14.0\vc\include\cstdlib(18): error C2054: expected '(' to follow 'using'
c:\program files (x86)\microsoft visual studio 14.0\vc\include\cstdlib(18): fatal error C1003: error count exceeds 100; stopping compilation
